2025-07-26 21:00:23 [SYSTEM] [DATABASE] Token database initialized
2025-07-26 21:00:23 [SYSTEM] [SUCCESS] TokenDiscovery instance created successfully
2025-07-26 21:00:23 [SYSTEM] [SUCCESS] Found 4 discovery sources
2025-07-26 21:00:23 [DISCOVER] [START] Starting comprehensive token discovery cycle
2025-07-26 21:00:23 [DISCOVER] [INFO] Found 0 existing tokens in database
2025-07-26 21:00:24 [API] [SUCCESS] Retrieved info for 0/13 tokens in 484ms
2025-07-26 21:00:24 [DISCOVER] [INFO] Collected mints from DexScreener boosts
2025-07-26 21:00:25 [API] [SUCCESS] Retrieved info for 0/9 tokens in 361ms
2025-07-26 21:00:25 [DISCOVER] [INFO] Collected mints from DexScreener profiles
2025-07-26 21:00:25 [DISCOVER] [WARN] DexScreener top tokens failed: HTTP error: 404 Not Found
2025-07-26 21:00:25 [DISCOVER] [SUCCESS] Collected 0 mints from DexScreener sources
2025-07-26 21:00:25 [DISCOVER] [START] Fetching mints from RugCheck-Trending
2025-07-26 21:00:26 [DISCOVER] [SUCCESS] Extracted 10 mints from RugCheck-Trending
2025-07-26 21:00:26 [DISCOVER] [SUCCESS] Collected 10 mints from RugCheck-Trending
2025-07-26 21:00:28 [DISCOVER] [START] Fetching mints from RugCheck-Verified
2025-07-26 21:00:28 [DISCOVER] [SUCCESS] Extracted 10 mints from RugCheck-Verified
2025-07-26 21:00:28 [DISCOVER] [SUCCESS] Collected 10 mints from RugCheck-Verified
2025-07-26 21:00:30 [DISCOVER] [START] Fetching mints from RugCheck-Recent
2025-07-26 21:00:31 [DISCOVER] [SUCCESS] Extracted 10 mints from RugCheck-Recent
2025-07-26 21:00:31 [DISCOVER] [SUCCESS] Collected 10 mints from RugCheck-Recent
2025-07-26 21:00:33 [DISCOVER] [START] Fetching mints from RugCheck-NewTokens
2025-07-26 21:00:43 [DISCOVER] [SUCCESS] Extracted 10 mints from RugCheck-NewTokens
2025-07-26 21:00:43 [DISCOVER] [SUCCESS] Collected 10 mints from RugCheck-NewTokens
2025-07-26 21:00:45 [DISCOVER] [INFO] After deduplication: 33 new unique mints to process
2025-07-26 21:00:45 [DISCOVER] [ERROR] Failed to fetch DexScreener data: Too many tokens requested (max 30)
2025-07-26 21:00:45 [SYSTEM] [WARN] Discovery completed with warnings: Failed to fetch token data: Too many tokens requested (max 30)
